Determining if the pthread_create exist failed with the following output:
Change Dir: /home/eric/Code/TestingLinuxGraphics/CMakeFiles/CMakeTmp

Run Build Command:"/usr/bin/make" "cmTryCompileExec711619666/fast"
/usr/bin/make -f CMakeFiles/cmTryCompileExec711619666.dir/build.make CMakeFiles/cmTryCompileExec711619666.dir/build
make[1]: Entering directory '/home/eric/Code/TestingLinuxGraphics/CMakeFiles/CMakeTmp'
/usr/bin/cmake -E cmake_progress_report /home/eric/Code/TestingLinuxGraphics/CMakeFiles/CMakeTmp/CMakeFiles 1
Building C object CMakeFiles/cmTryCompileExec711619666.dir/CheckSymbolExists.c.o
/usr/bin/cc    -o CMakeFiles/cmTryCompileExec711619666.dir/CheckSymbolExists.c.o   -c /home/eric/Code/TestingLinuxGraphics/CMakeFiles/CMakeTmp/CheckSymbolExists.c
Linking C executable cmTryCompileExec711619666
/usr/bin/cmake -E cmake_link_script CMakeFiles/cmTryCompileExec711619666.dir/link.txt --verbose=1
/usr/bin/cc       CMakeFiles/cmTryCompileExec711619666.dir/CheckSymbolExists.c.o  -o cmTryCompileExec711619666 -rdynamic 
CMakeFiles/cmTryCompileExec711619666.dir/CheckSymbolExists.c.o: In function `main':
CheckSymbolExists.c:(.text+0x16): undefined reference to `pthread_create'
collect2: error: ld returned 1 exit status
CMakeFiles/cmTryCompileExec711619666.dir/build.make:88: recipe for target 'cmTryCompileExec711619666' failed
make[1]: Leaving directory '/home/eric/Code/TestingLinuxGraphics/CMakeFiles/CMakeTmp'
make[1]: *** [cmTryCompileExec711619666] Error 1
Makefile:117: recipe for target 'cmTryCompileExec711619666/fast' failed
make: *** [cmTryCompileExec711619666/fast] Error 2

File /home/eric/Code/TestingLinuxGraphics/CMakeFiles/CMakeTmp/CheckSymbolExists.c:
/* */
#include <pthread.h>

int main(int argc, char** argv)
{
  (void)argv;
#ifndef pthread_create
  return ((int*)(&pthread_create))[argc];
#else
  (void)argc;
  return 0;
#endif
}

Determining if the function pthread_create exists in the pthreads failed with the following output:
Change Dir: /home/eric/Code/TestingLinuxGraphics/CMakeFiles/CMakeTmp

Run Build Command:"/usr/bin/make" "cmTryCompileExec1321083564/fast"
/usr/bin/make -f CMakeFiles/cmTryCompileExec1321083564.dir/build.make CMakeFiles/cmTryCompileExec1321083564.dir/build
make[1]: Entering directory '/home/eric/Code/TestingLinuxGraphics/CMakeFiles/CMakeTmp'
/usr/bin/cmake -E cmake_progress_report /home/eric/Code/TestingLinuxGraphics/CMakeFiles/CMakeTmp/CMakeFiles 1
Building C object CMakeFiles/cmTryCompileExec1321083564.dir/CheckFunctionExists.c.o
/usr/bin/cc   -DCHECK_FUNCTION_EXISTS=pthread_create   -o CMakeFiles/cmTryCompileExec1321083564.dir/CheckFunctionExists.c.o   -c /usr/share/cmake-3.2/Modules/CheckFunctionExists.c
Linking C executable cmTryCompileExec1321083564
/usr/bin/cmake -E cmake_link_script CMakeFiles/cmTryCompileExec1321083564.dir/link.txt --verbose=1
/usr/bin/cc   -DCHECK_FUNCTION_EXISTS=pthread_create    CMakeFiles/cmTryCompileExec1321083564.dir/CheckFunctionExists.c.o  -o cmTryCompileExec1321083564 -rdynamic -lpthreads 
/usr/bin/ld: cannot find -lpthreads
collect2: error: ld returned 1 exit status
CMakeFiles/cmTryCompileExec1321083564.dir/build.make:88: recipe for target 'cmTryCompileExec1321083564' failed
make[1]: Leaving directory '/home/eric/Code/TestingLinuxGraphics/CMakeFiles/CMakeTmp'
make[1]: *** [cmTryCompileExec1321083564] Error 1
Makefile:117: recipe for target 'cmTryCompileExec1321083564/fast' failed
make: *** [cmTryCompileExec1321083564/fast] Error 2


